[0.010s] Invoking command in '/home/zqz/ros2_ws/location/build/location_project': DEBUGINFOD_URLS=https://debuginfod.ubuntu.com /usr/bin/cmake /home/zqz/ros2_ws/location -DCMAKE_INSTALL_PREFIX=/home/zqz/ros2_ws/location/install/location_project
[0.060s] -- The C compiler identification is GNU 11.4.0
[0.106s] -- The CXX compiler identification is GNU 11.4.0
[0.113s] -- Detecting C compiler ABI info
[0.178s] -- Detecting C compiler ABI info - done
[0.183s] -- Check for working C compiler: /usr/bin/cc - skipped
[0.183s] -- Detecting C compile features
[0.184s] -- Detecting C compile features - done
[0.186s] -- Detecting CXX compiler ABI info
[0.261s] -- Detecting CXX compiler ABI info - done
[0.266s] -- Check for working CXX compiler: /usr/bin/c++ - skipped
[0.266s] -- Detecting CXX compile features
[0.266s] -- Detecting CXX compile features - done
[0.288s] -- Looking for pthread.h
[0.359s] -- Looking for pthread.h - found
[0.359s] -- Performing Test CMAKE_HAVE_LIBC_PTHREAD
[0.431s] -- Performing Test CMAKE_HAVE_LIBC_PTHREAD - Success
[0.432s] -- Found Threads: TRUE  
[0.447s] -- Found CUDA: /usr/local/cuda-12.9 (found suitable exact version "12.9") 
[0.454s] -- Found OpenCV: /usr/local (found version "4.13.0") 
[0.456s] -- Found ament_cmake: 1.3.11 (/opt/ros/humble/share/ament_cmake/cmake)
[0.578s] -- Found Python3: /usr/bin/python3 (found version "3.10.12") found components: Interpreter 
[0.662s] -- Found rclcpp: 16.0.12 (/opt/ros/humble/share/rclcpp/cmake)
[0.691s] -- Found rosidl_generator_c: 3.1.6 (/opt/ros/humble/share/rosidl_generator_c/cmake)
[0.696s] -- Found rosidl_adapter: 3.1.6 (/opt/ros/humble/share/rosidl_adapter/cmake)
[0.702s] -- Found rosidl_generator_cpp: 3.1.6 (/opt/ros/humble/share/rosidl_generator_cpp/cmake)
[0.712s] -- Using all available rosidl_typesupport_c: rosidl_typesupport_fastrtps_c;rosidl_typesupport_introspection_c
[0.724s] -- Using all available rosidl_typesupport_cpp: rosidl_typesupport_fastrtps_cpp;rosidl_typesupport_introspection_cpp
[0.759s] -- Found rmw_implementation_cmake: 6.1.2 (/opt/ros/humble/share/rmw_implementation_cmake/cmake)
[0.762s] -- Found rmw_fastrtps_cpp: 6.2.7 (/opt/ros/humble/share/rmw_fastrtps_cpp/cmake)
[0.853s] -- Found OpenSSL: /usr/lib/x86_64-linux-gnu/libcrypto.so (found version "3.0.2")  
[0.874s] -- Found FastRTPS: /opt/ros/humble/include  
[0.910s] -- Using RMW implementation 'rmw_fastrtps_cpp' as default
[0.955s] -- Found geometry_msgs: 4.9.0 (/opt/ros/humble/share/geometry_msgs/cmake)
[0.965s] -- Found sensor_msgs: 4.9.0 (/opt/ros/humble/share/sensor_msgs/cmake)
[0.978s] -- Found rosidl_default_generators: 1.2.0 (/opt/ros/humble/share/rosidl_default_generators/cmake)
[0.984s] -- Found tutorial_interfaces: 0.0.0 (/home/zqz/ros2_ws/install/tutorial_interfaces/share/tutorial_interfaces/cmake)
[0.994s] [31mCMake Error at /opt/ros/humble/share/rosidl_cmake/cmake/rosidl_generate_interfaces.cmake:93 (message):
[0.994s]   rosidl_generate_interfaces() the passed file 'msg/Detection.msg' doesn't
[0.994s]   exist relative to the CMAKE_CURRENT_SOURCE_DIR '/home/zqz/ros2_ws/location'
[0.994s] Call Stack (most recent call first):
[0.995s]   CMakeLists.txt:22 (rosidl_generate_interfaces)
[0.995s] 
[0.995s] [0m
[0.995s] -- Configuring incomplete, errors occurred!
[0.995s] See also "/home/zqz/ros2_ws/location/build/location_project/CMakeFiles/CMakeOutput.log".
[1.004s] Invoked command in '/home/zqz/ros2_ws/location/build/location_project' returned '1': DEBUGINFOD_URLS=https://debuginfod.ubuntu.com /usr/bin/cmake /home/zqz/ros2_ws/location -DCMAKE_INSTALL_PREFIX=/home/zqz/ros2_ws/location/install/location_project
