[0.008s] Invoking command in '/home/zqz/ros2_ws/location/build/location_project': CMAKE_PREFIX_PATH=${CMAKE_PREFIX_PATH}:/opt/ros/humble DEBUGINFOD_URLS=https://debuginfod.ubuntu.com /usr/bin/cmake /home/zqz/ros2_ws/location -DCMAKE_INSTALL_PREFIX=/home/zqz/ros2_ws/location/install/location_project
[0.041s] -- Found ament_cmake: 1.3.11 (/opt/ros/humble/share/ament_cmake/cmake)
[0.137s] -- Found rclcpp: 16.0.12 (/opt/ros/humble/share/rclcpp/cmake)
[0.153s] -- Found rosidl_generator_c: 3.1.6 (/opt/ros/humble/share/rosidl_generator_c/cmake)
[0.154s] -- Found rosidl_adapter: 3.1.6 (/opt/ros/humble/share/rosidl_adapter/cmake)
[0.158s] -- Found rosidl_generator_cpp: 3.1.6 (/opt/ros/humble/share/rosidl_generator_cpp/cmake)
[0.164s] -- Using all available rosidl_typesupport_c: rosidl_typesupport_fastrtps_c;rosidl_typesupport_introspection_c
[0.173s] -- Using all available rosidl_typesupport_cpp: rosidl_typesupport_fastrtps_cpp;rosidl_typesupport_introspection_cpp
[0.196s] -- Found rmw_implementation_cmake: 6.1.2 (/opt/ros/humble/share/rmw_implementation_cmake/cmake)
[0.197s] -- Found rmw_fastrtps_cpp: 6.2.7 (/opt/ros/humble/share/rmw_fastrtps_cpp/cmake)
[0.284s] -- Using RMW implementation 'rmw_fastrtps_cpp' as default
[0.319s] -- Found geometry_msgs: 4.9.0 (/opt/ros/humble/share/geometry_msgs/cmake)
[0.328s] -- Found sensor_msgs: 4.9.0 (/opt/ros/humble/share/sensor_msgs/cmake)
[0.339s] -- Found tutorial_interfaces: 0.0.0 (/home/zqz/ros2_ws/install/tutorial_interfaces/share/tutorial_interfaces/cmake)
[0.350s] [31mCMake Error at /opt/ros/humble/share/ament_cmake_target_dependencies/cmake/ament_target_dependencies.cmake:145 (target_link_libraries):
[0.350s]   The keyword signature for target_link_libraries has already been used with
[0.350s]   the target "location_node".  All uses of target_link_libraries with a
[0.350s]   target must be either all-keyword or all-plain.
[0.350s] 
[0.350s]   The uses of the keyword signature are here:
[0.350s] 
[0.351s]    * CMakeLists.txt:35 (target_link_libraries)
[0.351s] 
[0.351s] Call Stack (most recent call first):
[0.351s]   CMakeLists.txt:42 (ament_target_dependencies)
[0.351s] 
[0.351s] [0m
[0.399s] -- Configuring incomplete, errors occurred!
[0.399s] See also "/home/zqz/ros2_ws/location/build/location_project/CMakeFiles/CMakeOutput.log".
[0.408s] Invoked command in '/home/zqz/ros2_ws/location/build/location_project' returned '1': CMAKE_PREFIX_PATH=${CMAKE_PREFIX_PATH}:/opt/ros/humble DEBUGINFOD_URLS=https://debuginfod.ubuntu.com /usr/bin/cmake /home/zqz/ros2_ws/location -DCMAKE_INSTALL_PREFIX=/home/zqz/ros2_ws/location/install/location_project
