[0.009s] Invoking command in '/home/zqz/ros2_ws/tutorial_inferfaces/build/tutorial_inferfaces': CMAKE_PREFIX_PATH=/opt/ros/humble DEBUGINFOD_URLS=https://debuginfod.ubuntu.com /usr/bin/cmake /home/zqz/ros2_ws/tutorial_inferfaces -DCMAKE_INSTALL_PREFIX=/home/zqz/ros2_ws/tutorial_inferfaces/install/tutorial_inferfaces
[0.210s] -- The C compiler identification is GNU 11.4.0
[0.351s] -- The CXX compiler identification is GNU 11.4.0
[0.360s] -- Detecting C compiler ABI info
[0.429s] -- Detecting C compiler ABI info - done
[0.434s] -- Check for working C compiler: /usr/bin/cc - skipped
[0.434s] -- Detecting C compile features
[0.435s] -- Detecting C compile features - done
[0.438s] -- Detecting CXX compiler ABI info
[0.510s] -- Detecting CXX compiler ABI info - done
[0.516s] -- Check for working CXX compiler: /usr/bin/c++ - skipped
[0.516s] -- Detecting CXX compile features
[0.516s] -- Detecting CXX compile features - done
[0.522s] -- Found ament_cmake: 1.3.11 (/opt/ros/humble/share/ament_cmake/cmake)
[0.630s] -- Found Python3: /usr/bin/python3 (found version "3.10.12") found components: Interpreter 
[0.695s] -- Found geometry_msgs: 4.9.0 (/opt/ros/humble/share/geometry_msgs/cmake)
[0.719s] -- Found rosidl_generator_c: 3.1.6 (/opt/ros/humble/share/rosidl_generator_c/cmake)
[0.723s] -- Found rosidl_adapter: 3.1.6 (/opt/ros/humble/share/rosidl_adapter/cmake)
[0.728s] -- Found rosidl_generator_cpp: 3.1.6 (/opt/ros/humble/share/rosidl_generator_cpp/cmake)
[0.736s] -- Using all available rosidl_typesupport_c: rosidl_typesupport_fastrtps_c;rosidl_typesupport_introspection_c
[0.747s] -- Using all available rosidl_typesupport_cpp: rosidl_typesupport_fastrtps_cpp;rosidl_typesupport_introspection_cpp
[0.772s] -- Found rosidl_default_generators: 1.2.0 (/opt/ros/humble/share/rosidl_default_generators/cmake)
[0.977s] -- Found ament_cmake_ros: 0.10.0 (/opt/ros/humble/share/ament_cmake_ros/cmake)
[1.295s] -- Using all available rosidl_typesupport_c: rosidl_typesupport_fastrtps_c;rosidl_typesupport_introspection_c
[1.415s] -- Using all available rosidl_typesupport_cpp: rosidl_typesupport_fastrtps_cpp;rosidl_typesupport_introspection_cpp
[1.434s] -- Found PythonInterp: /usr/bin/python3 (found suitable version "3.10.12", minimum required is "3.6") 
[1.436s] -- Found python_cmake_module: 0.10.0 (/opt/ros/humble/share/python_cmake_module/cmake)
[1.458s] -- Found PythonLibs: /usr/lib/x86_64-linux-gnu/libpython3.10.so (found suitable version "3.10.12", minimum required is "3.5") 
[1.458s] -- Using PYTHON_EXECUTABLE: /usr/bin/python3
[1.458s] -- Using PYTHON_INCLUDE_DIRS: /usr/include/python3.10
[1.458s] -- Using PYTHON_LIBRARIES: /usr/lib/x86_64-linux-gnu/libpython3.10.so
[1.475s] -- Found PythonExtra: .so  
[1.517s] -- Found ament_lint_auto: 0.12.12 (/opt/ros/humble/share/ament_lint_auto/cmake)
[1.549s] -- Added test 'cppcheck' to perform static code analysis on C / C++ code
[1.550s] -- Configured cppcheck include dirs: $<BUILD_INTERFACE:/home/zqz/ros2_ws/tutorial_inferfaces/build/tutorial_inferfaces/rosidl_generator_c>;$<BUILD_INTERFACE:/home/zqz/ros2_ws/tutorial_inferfaces/build/tutorial_inferfaces/rosidl_typesupport_fastrtps_c>;$<BUILD_INTERFACE:/home/zqz/ros2_ws/tutorial_inferfaces/build/tutorial_inferfaces/rosidl_generator_cpp>;$<BUILD_INTERFACE:/home/zqz/ros2_ws/tutorial_inferfaces/build/tutorial_inferfaces/rosidl_typesupport_fastrtps_cpp>;$<BUILD_INTERFACE:/home/zqz/ros2_ws/tutorial_inferfaces/build/tutorial_inferfaces/rosidl_typesupport_introspection_c>;$<BUILD_INTERFACE:/home/zqz/ros2_ws/tutorial_inferfaces/build/tutorial_inferfaces/rosidl_typesupport_introspection_cpp>;/home/zqz/ros2_ws/tutorial_inferfaces/build/tutorial_inferfaces/rosidl_generator_c;/home/zqz/ros2_ws/tutorial_inferfaces/build/tutorial_inferfaces/rosidl_generator_py
[1.550s] -- Configured cppcheck exclude dirs and/or files: 
[1.551s] -- Added test 'flake8' to check Python code syntax and style conventions
[1.553s] -- Added test 'lint_cmake' to check CMake code style
[1.555s] -- Added test 'pep257' to check Python code against some of the docstring style conventions in PEP 257
[1.562s] -- Added test 'uncrustify' to check C / C++ code style
[1.562s] -- Configured uncrustify additional arguments: 
[1.564s] -- Added test 'xmllint' to check XML markup files
[1.567s] -- Configuring done
[1.596s] -- Generating done
[1.605s] -- Build files have been written to: /home/zqz/ros2_ws/tutorial_inferfaces/build/tutorial_inferfaces
[1.612s] Invoked command in '/home/zqz/ros2_ws/tutorial_inferfaces/build/tutorial_inferfaces' returned '0': CMAKE_PREFIX_PATH=/opt/ros/humble DEBUGINFOD_URLS=https://debuginfod.ubuntu.com /usr/bin/cmake /home/zqz/ros2_ws/tutorial_inferfaces -DCMAKE_INSTALL_PREFIX=/home/zqz/ros2_ws/tutorial_inferfaces/install/tutorial_inferfaces
[1.615s] Invoking command in '/home/zqz/ros2_ws/tutorial_inferfaces/build/tutorial_inferfaces': CMAKE_PREFIX_PATH=/opt/ros/humble DEBUGINFOD_URLS=https://debuginfod.ubuntu.com /usr/bin/cmake --build /home/zqz/ros2_ws/tutorial_inferfaces/build/tutorial_inferfaces -- -j16 -l16
[1.654s] [  3%] [34m[1mGenerating C code for ROS interfaces[0m
[1.665s] [  6%] [34m[1mGenerating C++ code for ROS interfaces[0m
[1.671s] [  6%] Built target ament_cmake_python_copy_tutorial_inferfaces
[1.840s] running egg_info
[1.841s] creating tutorial_inferfaces.egg-info
[1.841s] writing tutorial_inferfaces.egg-info/PKG-INFO
[1.841s] writing dependency_links to tutorial_inferfaces.egg-info/dependency_links.txt
[1.841s] writing top-level names to tutorial_inferfaces.egg-info/top_level.txt
[1.841s] writing manifest file 'tutorial_inferfaces.egg-info/SOURCES.txt'
[1.843s] [  6%] Built target tutorial_inferfaces__cpp
[1.843s] reading manifest file 'tutorial_inferfaces.egg-info/SOURCES.txt'
[1.844s] writing manifest file 'tutorial_inferfaces.egg-info/SOURCES.txt'
[1.853s] [ 12%] [34m[1mGenerating C++ type support for eProsima Fast-RTPS[0m
[1.853s] [ 12%] [34m[1mGenerating C++ type support dispatch for ROS interfaces[0m
[1.853s] [ 16%] [34m[1mGenerating C++ introspection for ROS interfaces[0m
[1.862s] [ 19%] [32mBuilding C object CMakeFiles/tutorial_inferfaces__rosidl_generator_c.dir/rosidl_generator_c/tutorial_inferfaces/msg/detail/detection__functions.c.o[0m
[1.869s] [ 19%] Built target ament_cmake_python_build_tutorial_inferfaces_egg
[1.930s] [ 22%] [32m[1mLinking C shared library libtutorial_inferfaces__rosidl_generator_c.so[0m
[1.975s] [ 22%] Built target tutorial_inferfaces__rosidl_generator_c
[1.985s] [ 29%] [34m[1mGenerating C type support dispatch for ROS interfaces[0m
[1.985s] [ 29%] [34m[1mGenerating C type support for eProsima Fast-RTPS[0m
[1.985s] [ 32%] [34m[1mGenerating C introspection for ROS interfaces[0m
[2.017s] [ 35%] [32mBuilding CXX object CMakeFiles/tutorial_inferfaces__rosidl_typesupport_cpp.dir/rosidl_typesupport_cpp/tutorial_inferfaces/msg/detection__type_support.cpp.o[0m
[2.035s] [ 38%] [32mBuilding CXX object CMakeFiles/tutorial_inferfaces__rosidl_typesupport_introspection_cpp.dir/rosidl_typesupport_introspection_cpp/tutorial_inferfaces/msg/detail/detection__type_support.cpp.o[0m
[2.035s] [ 41%] [32mBuilding CXX object CMakeFiles/tutorial_inferfaces__rosidl_typesupport_fastrtps_cpp.dir/rosidl_typesupport_fastrtps_cpp/tutorial_inferfaces/msg/detail/dds_fastrtps/detection__type_support.cpp.o[0m
[2.150s] [ 45%] [32mBuilding CXX object CMakeFiles/tutorial_inferfaces__rosidl_typesupport_c.dir/rosidl_typesupport_c/tutorial_inferfaces/msg/detection__type_support.cpp.o[0m
[2.169s] [ 48%] [32mBuilding C object CMakeFiles/tutorial_inferfaces__rosidl_typesupport_introspection_c.dir/rosidl_typesupport_introspection_c/tutorial_inferfaces/msg/detail/detection__type_support.c.o[0m
[2.170s] [ 51%] [32mBuilding CXX object CMakeFiles/tutorial_inferfaces__rosidl_typesupport_fastrtps_c.dir/rosidl_typesupport_fastrtps_c/tutorial_inferfaces/msg/detail/detection__type_support_c.cpp.o[0m
[2.180s] [ 54%] [32m[1mLinking CXX shared library libtutorial_inferfaces__rosidl_typesupport_c.so[0m
[2.202s] [ 58%] [32m[1mLinking C shared library libtutorial_inferfaces__rosidl_typesupport_introspection_c.so[0m
[2.220s] [ 58%] Built target tutorial_inferfaces__rosidl_typesupport_c
[2.237s] [ 58%] Built target tutorial_inferfaces__rosidl_typesupport_introspection_c
[2.255s] [ 61%] [32m[1mLinking CXX shared library libtutorial_inferfaces__rosidl_typesupport_cpp.so[0m
[2.296s] [ 61%] Built target tutorial_inferfaces__rosidl_typesupport_cpp
[2.343s] [ 64%] [32m[1mLinking CXX shared library libtutorial_inferfaces__rosidl_typesupport_introspection_cpp.so[0m
[2.351s] [ 67%] [32m[1mLinking CXX shared library libtutorial_inferfaces__rosidl_typesupport_fastrtps_cpp.so[0m
[2.399s] [ 67%] Built target tutorial_inferfaces__rosidl_typesupport_introspection_cpp
[2.414s] [ 70%] [32m[1mLinking CXX shared library libtutorial_inferfaces__rosidl_typesupport_fastrtps_c.so[0m
[2.421s] [ 70%] Built target tutorial_inferfaces__rosidl_typesupport_fastrtps_cpp
[2.477s] [ 70%] Built target tutorial_inferfaces__rosidl_typesupport_fastrtps_c
[2.498s] [ 70%] Built target tutorial_inferfaces
[2.521s] [ 74%] [34m[1mGenerating Python code for ROS interfaces[0m
[2.725s] [ 74%] Built target tutorial_inferfaces__py
[2.748s] [ 77%] [32mBuilding C object CMakeFiles/tutorial_inferfaces__rosidl_generator_py.dir/rosidl_generator_py/tutorial_inferfaces/msg/_detection_s.c.o[0m
[2.872s] [ 80%] [32m[1mLinking C shared library rosidl_generator_py/tutorial_inferfaces/libtutorial_inferfaces__rosidl_generator_py.so[0m
[2.915s] [ 80%] Built target tutorial_inferfaces__rosidl_generator_py
[2.936s] [ 87%] [32mBuilding C object CMakeFiles/tutorial_inferfaces__rosidl_typesupport_c__pyext.dir/rosidl_generator_py/tutorial_inferfaces/_tutorial_inferfaces_s.ep.rosidl_typesupport_c.c.o[0m
[2.936s] [ 87%] [32mBuilding C object CMakeFiles/tutorial_inferfaces__rosidl_typesupport_fastrtps_c__pyext.dir/rosidl_generator_py/tutorial_inferfaces/_tutorial_inferfaces_s.ep.rosidl_typesupport_fastrtps_c.c.o[0m
[2.936s] [ 90%] [32mBuilding C object CMakeFiles/tutorial_inferfaces__rosidl_typesupport_introspection_c__pyext.dir/rosidl_generator_py/tutorial_inferfaces/_tutorial_inferfaces_s.ep.rosidl_typesupport_introspection_c.c.o[0m
[3.013s] [ 96%] [32m[1mLinking C shared library rosidl_generator_py/tutorial_inferfaces/tutorial_inferfaces_s__rosidl_typesupport_introspection_c.cpython-310-x86_64-linux-gnu.so[0m
[3.013s] [ 96%] [32m[1mLinking C shared library rosidl_generator_py/tutorial_inferfaces/tutorial_inferfaces_s__rosidl_typesupport_fastrtps_c.cpython-310-x86_64-linux-gnu.so[0m
[3.014s] [100%] [32m[1mLinking C shared library rosidl_generator_py/tutorial_inferfaces/tutorial_inferfaces_s__rosidl_typesupport_c.cpython-310-x86_64-linux-gnu.so[0m
[3.048s] [100%] Built target tutorial_inferfaces__rosidl_typesupport_introspection_c__pyext
[3.048s] [100%] Built target tutorial_inferfaces__rosidl_typesupport_fastrtps_c__pyext
[3.049s] [100%] Built target tutorial_inferfaces__rosidl_typesupport_c__pyext
[3.061s] Invoked command in '/home/zqz/ros2_ws/tutorial_inferfaces/build/tutorial_inferfaces' returned '0': CMAKE_PREFIX_PATH=/opt/ros/humble DEBUGINFOD_URLS=https://debuginfod.ubuntu.com /usr/bin/cmake --build /home/zqz/ros2_ws/tutorial_inferfaces/build/tutorial_inferfaces -- -j16 -l16
[3.071s] Invoking command in '/home/zqz/ros2_ws/tutorial_inferfaces/build/tutorial_inferfaces': CMAKE_PREFIX_PATH=/opt/ros/humble DEBUGINFOD_URLS=https://debuginfod.ubuntu.com /usr/bin/cmake --install /home/zqz/ros2_ws/tutorial_inferfaces/build/tutorial_inferfaces
[3.078s] -- Install configuration: ""
[3.078s] -- Installing: /home/zqz/ros2_ws/tutorial_inferfaces/install/tutorial_inferfaces/share/ament_index/resource_index/rosidl_interfaces/tutorial_inferfaces
[3.079s] -- Installing: /home/zqz/ros2_ws/tutorial_inferfaces/install/tutorial_inferfaces/include/tutorial_inferfaces/tutorial_inferfaces
[3.079s] -- Installing: /home/zqz/ros2_ws/tutorial_inferfaces/install/tutorial_inferfaces/include/tutorial_inferfaces/tutorial_inferfaces/msg
[3.079s] -- Installing: /home/zqz/ros2_ws/tutorial_inferfaces/install/tutorial_inferfaces/include/tutorial_inferfaces/tutorial_inferfaces/msg/rosidl_generator_c__visibility_control.h
[3.079s] -- Installing: /home/zqz/ros2_ws/tutorial_inferfaces/install/tutorial_inferfaces/include/tutorial_inferfaces/tutorial_inferfaces/msg/detection.h
[3.079s] -- Installing: /home/zqz/ros2_ws/tutorial_inferfaces/install/tutorial_inferfaces/include/tutorial_inferfaces/tutorial_inferfaces/msg/detail
[3.079s] -- Installing: /home/zqz/ros2_ws/tutorial_inferfaces/install/tutorial_inferfaces/include/tutorial_inferfaces/tutorial_inferfaces/msg/detail/detection__functions.h
[3.079s] -- Installing: /home/zqz/ros2_ws/tutorial_inferfaces/install/tutorial_inferfaces/include/tutorial_inferfaces/tutorial_inferfaces/msg/detail/detection__type_support.h
[3.079s] -- Installing: /home/zqz/ros2_ws/tutorial_inferfaces/install/tutorial_inferfaces/include/tutorial_inferfaces/tutorial_inferfaces/msg/detail/detection__struct.h
[3.079s] -- Installing: /home/zqz/ros2_ws/tutorial_inferfaces/install/tutorial_inferfaces/include/tutorial_inferfaces/tutorial_inferfaces/msg/detail/detection__functions.c
[3.080s] -- Installing: /home/zqz/ros2_ws/tutorial_inferfaces/install/tutorial_inferfaces/share/tutorial_inferfaces/environment/library_path.sh
[3.080s] -- Installing: /home/zqz/ros2_ws/tutorial_inferfaces/install/tutorial_inferfaces/share/tutorial_inferfaces/environment/library_path.dsv
[3.080s] -- Installing: /home/zqz/ros2_ws/tutorial_inferfaces/install/tutorial_inferfaces/lib/libtutorial_inferfaces__rosidl_generator_c.so
[3.080s] -- Set runtime path of "/home/zqz/ros2_ws/tutorial_inferfaces/install/tutorial_inferfaces/lib/libtutorial_inferfaces__rosidl_generator_c.so" to ""
[3.080s] -- Up-to-date: /home/zqz/ros2_ws/tutorial_inferfaces/install/tutorial_inferfaces/include/tutorial_inferfaces/tutorial_inferfaces
[3.080s] -- Up-to-date: /home/zqz/ros2_ws/tutorial_inferfaces/install/tutorial_inferfaces/include/tutorial_inferfaces/tutorial_inferfaces/msg
[3.080s] -- Installing: /home/zqz/ros2_ws/tutorial_inferfaces/install/tutorial_inferfaces/include/tutorial_inferfaces/tutorial_inferfaces/msg/rosidl_typesupport_fastrtps_c__visibility_control.h
[3.080s] -- Up-to-date: /home/zqz/ros2_ws/tutorial_inferfaces/install/tutorial_inferfaces/include/tutorial_inferfaces/tutorial_inferfaces/msg/detail
[3.080s] -- Installing: /home/zqz/ros2_ws/tutorial_inferfaces/install/tutorial_inferfaces/include/tutorial_inferfaces/tutorial_inferfaces/msg/detail/detection__rosidl_typesupport_fastrtps_c.h
[3.081s] -- Installing: /home/zqz/ros2_ws/tutorial_inferfaces/install/tutorial_inferfaces/lib/libtutorial_inferfaces__rosidl_typesupport_fastrtps_c.so
[3.081s] -- Set runtime path of "/home/zqz/ros2_ws/tutorial_inferfaces/install/tutorial_inferfaces/lib/libtutorial_inferfaces__rosidl_typesupport_fastrtps_c.so" to ""
[3.081s] -- Up-to-date: /home/zqz/ros2_ws/tutorial_inferfaces/install/tutorial_inferfaces/include/tutorial_inferfaces/tutorial_inferfaces
[3.081s] -- Up-to-date: /home/zqz/ros2_ws/tutorial_inferfaces/install/tutorial_inferfaces/include/tutorial_inferfaces/tutorial_inferfaces/msg
[3.081s] -- Installing: /home/zqz/ros2_ws/tutorial_inferfaces/install/tutorial_inferfaces/include/tutorial_inferfaces/tutorial_inferfaces/msg/rosidl_generator_cpp__visibility_control.hpp
[3.081s] -- Up-to-date: /home/zqz/ros2_ws/tutorial_inferfaces/install/tutorial_inferfaces/include/tutorial_inferfaces/tutorial_inferfaces/msg/detail
[3.081s] -- Installing: /home/zqz/ros2_ws/tutorial_inferfaces/install/tutorial_inferfaces/include/tutorial_inferfaces/tutorial_inferfaces/msg/detail/detection__type_support.hpp
[3.081s] -- Installing: /home/zqz/ros2_ws/tutorial_inferfaces/install/tutorial_inferfaces/include/tutorial_inferfaces/tutorial_inferfaces/msg/detail/detection__traits.hpp
[3.082s] -- Installing: /home/zqz/ros2_ws/tutorial_inferfaces/install/tutorial_inferfaces/include/tutorial_inferfaces/tutorial_inferfaces/msg/detail/detection__builder.hpp
[3.082s] -- Installing: /home/zqz/ros2_ws/tutorial_inferfaces/install/tutorial_inferfaces/include/tutorial_inferfaces/tutorial_inferfaces/msg/detail/detection__struct.hpp
[3.082s] -- Installing: /home/zqz/ros2_ws/tutorial_inferfaces/install/tutorial_inferfaces/include/tutorial_inferfaces/tutorial_inferfaces/msg/detection.hpp
[3.082s] -- Up-to-date: /home/zqz/ros2_ws/tutorial_inferfaces/install/tutorial_inferfaces/include/tutorial_inferfaces/tutorial_inferfaces
[3.082s] -- Up-to-date: /home/zqz/ros2_ws/tutorial_inferfaces/install/tutorial_inferfaces/include/tutorial_inferfaces/tutorial_inferfaces/msg
[3.082s] -- Up-to-date: /home/zqz/ros2_ws/tutorial_inferfaces/install/tutorial_inferfaces/include/tutorial_inferfaces/tutorial_inferfaces/msg/detail
[3.082s] -- Installing: /home/zqz/ros2_ws/tutorial_inferfaces/install/tutorial_inferfaces/include/tutorial_inferfaces/tutorial_inferfaces/msg/detail/detection__rosidl_typesupport_fastrtps_cpp.hpp
[3.082s] -- Installing: /home/zqz/ros2_ws/tutorial_inferfaces/install/tutorial_inferfaces/include/tutorial_inferfaces/tutorial_inferfaces/msg/detail/dds_fastrtps
[3.082s] -- Installing: /home/zqz/ros2_ws/tutorial_inferfaces/install/tutorial_inferfaces/include/tutorial_inferfaces/tutorial_inferfaces/msg/rosidl_typesupport_fastrtps_cpp__visibility_control.h
[3.082s] -- Installing: /home/zqz/ros2_ws/tutorial_inferfaces/install/tutorial_inferfaces/lib/libtutorial_inferfaces__rosidl_typesupport_fastrtps_cpp.so
[3.082s] -- Set runtime path of "/home/zqz/ros2_ws/tutorial_inferfaces/install/tutorial_inferfaces/lib/libtutorial_inferfaces__rosidl_typesupport_fastrtps_cpp.so" to ""
[3.083s] -- Up-to-date: /home/zqz/ros2_ws/tutorial_inferfaces/install/tutorial_inferfaces/include/tutorial_inferfaces/tutorial_inferfaces
[3.083s] -- Up-to-date: /home/zqz/ros2_ws/tutorial_inferfaces/install/tutorial_inferfaces/include/tutorial_inferfaces/tutorial_inferfaces/msg
[3.083s] -- Installing: /home/zqz/ros2_ws/tutorial_inferfaces/install/tutorial_inferfaces/include/tutorial_inferfaces/tutorial_inferfaces/msg/rosidl_typesupport_introspection_c__visibility_control.h
[3.083s] -- Up-to-date: /home/zqz/ros2_ws/tutorial_inferfaces/install/tutorial_inferfaces/include/tutorial_inferfaces/tutorial_inferfaces/msg/detail
[3.083s] -- Installing: /home/zqz/ros2_ws/tutorial_inferfaces/install/tutorial_inferfaces/include/tutorial_inferfaces/tutorial_inferfaces/msg/detail/detection__rosidl_typesupport_introspection_c.h
[3.083s] -- Installing: /home/zqz/ros2_ws/tutorial_inferfaces/install/tutorial_inferfaces/include/tutorial_inferfaces/tutorial_inferfaces/msg/detail/detection__type_support.c
[3.083s] -- Installing: /home/zqz/ros2_ws/tutorial_inferfaces/install/tutorial_inferfaces/lib/libtutorial_inferfaces__rosidl_typesupport_introspection_c.so
[3.083s] -- Set runtime path of "/home/zqz/ros2_ws/tutorial_inferfaces/install/tutorial_inferfaces/lib/libtutorial_inferfaces__rosidl_typesupport_introspection_c.so" to ""
[3.083s] -- Installing: /home/zqz/ros2_ws/tutorial_inferfaces/install/tutorial_inferfaces/lib/libtutorial_inferfaces__rosidl_typesupport_c.so
[3.083s] -- Set runtime path of "/home/zqz/ros2_ws/tutorial_inferfaces/install/tutorial_inferfaces/lib/libtutorial_inferfaces__rosidl_typesupport_c.so" to ""
[3.083s] -- Up-to-date: /home/zqz/ros2_ws/tutorial_inferfaces/install/tutorial_inferfaces/include/tutorial_inferfaces/tutorial_inferfaces
[3.083s] -- Up-to-date: /home/zqz/ros2_ws/tutorial_inferfaces/install/tutorial_inferfaces/include/tutorial_inferfaces/tutorial_inferfaces/msg
[3.084s] -- Up-to-date: /home/zqz/ros2_ws/tutorial_inferfaces/install/tutorial_inferfaces/include/tutorial_inferfaces/tutorial_inferfaces/msg/detail
[3.084s] -- Installing: /home/zqz/ros2_ws/tutorial_inferfaces/install/tutorial_inferfaces/include/tutorial_inferfaces/tutorial_inferfaces/msg/detail/detection__rosidl_typesupport_introspection_cpp.hpp
[3.084s] -- Installing: /home/zqz/ros2_ws/tutorial_inferfaces/install/tutorial_inferfaces/include/tutorial_inferfaces/tutorial_inferfaces/msg/detail/detection__type_support.cpp
[3.084s] -- Installing: /home/zqz/ros2_ws/tutorial_inferfaces/install/tutorial_inferfaces/lib/libtutorial_inferfaces__rosidl_typesupport_introspection_cpp.so
[3.084s] -- Set runtime path of "/home/zqz/ros2_ws/tutorial_inferfaces/install/tutorial_inferfaces/lib/libtutorial_inferfaces__rosidl_typesupport_introspection_cpp.so" to ""
[3.084s] -- Installing: /home/zqz/ros2_ws/tutorial_inferfaces/install/tutorial_inferfaces/lib/libtutorial_inferfaces__rosidl_typesupport_cpp.so
[3.084s] -- Set runtime path of "/home/zqz/ros2_ws/tutorial_inferfaces/install/tutorial_inferfaces/lib/libtutorial_inferfaces__rosidl_typesupport_cpp.so" to ""
[3.084s] -- Installing: /home/zqz/ros2_ws/tutorial_inferfaces/install/tutorial_inferfaces/share/tutorial_inferfaces/environment/pythonpath.sh
[3.085s] -- Installing: /home/zqz/ros2_ws/tutorial_inferfaces/install/tutorial_inferfaces/share/tutorial_inferfaces/environment/pythonpath.dsv
[3.085s] -- Installing: /home/zqz/ros2_ws/tutorial_inferfaces/install/tutorial_inferfaces/local/lib/python3.10/dist-packages/tutorial_inferfaces-0.0.0-py3.10.egg-info
[3.085s] -- Installing: /home/zqz/ros2_ws/tutorial_inferfaces/install/tutorial_inferfaces/local/lib/python3.10/dist-packages/tutorial_inferfaces-0.0.0-py3.10.egg-info/PKG-INFO
[3.085s] -- Installing: /home/zqz/ros2_ws/tutorial_inferfaces/install/tutorial_inferfaces/local/lib/python3.10/dist-packages/tutorial_inferfaces-0.0.0-py3.10.egg-info/dependency_links.txt
[3.085s] -- Installing: /home/zqz/ros2_ws/tutorial_inferfaces/install/tutorial_inferfaces/local/lib/python3.10/dist-packages/tutorial_inferfaces-0.0.0-py3.10.egg-info/SOURCES.txt
[3.085s] -- Installing: /home/zqz/ros2_ws/tutorial_inferfaces/install/tutorial_inferfaces/local/lib/python3.10/dist-packages/tutorial_inferfaces-0.0.0-py3.10.egg-info/top_level.txt
[3.085s] -- Installing: /home/zqz/ros2_ws/tutorial_inferfaces/install/tutorial_inferfaces/local/lib/python3.10/dist-packages/tutorial_inferfaces
[3.085s] -- Installing: /home/zqz/ros2_ws/tutorial_inferfaces/install/tutorial_inferfaces/local/lib/python3.10/dist-packages/tutorial_inferfaces/tutorial_inferfaces_s__rosidl_typesupport_fastrtps_c.cpython-310-x86_64-linux-gnu.so
[3.085s] -- Installing: /home/zqz/ros2_ws/tutorial_inferfaces/install/tutorial_inferfaces/local/lib/python3.10/dist-packages/tutorial_inferfaces/libtutorial_inferfaces__rosidl_generator_py.so
[3.086s] -- Installing: /home/zqz/ros2_ws/tutorial_inferfaces/install/tutorial_inferfaces/local/lib/python3.10/dist-packages/tutorial_inferfaces/_tutorial_inferfaces_s.ep.rosidl_typesupport_fastrtps_c.c
[3.086s] -- Installing: /home/zqz/ros2_ws/tutorial_inferfaces/install/tutorial_inferfaces/local/lib/python3.10/dist-packages/tutorial_inferfaces/tutorial_inferfaces_s__rosidl_typesupport_introspection_c.cpython-310-x86_64-linux-gnu.so
[3.086s] -- Installing: /home/zqz/ros2_ws/tutorial_inferfaces/install/tutorial_inferfaces/local/lib/python3.10/dist-packages/tutorial_inferfaces/msg
[3.086s] -- Installing: /home/zqz/ros2_ws/tutorial_inferfaces/install/tutorial_inferfaces/local/lib/python3.10/dist-packages/tutorial_inferfaces/msg/_detection_s.c
[3.086s] -- Installing: /home/zqz/ros2_ws/tutorial_inferfaces/install/tutorial_inferfaces/local/lib/python3.10/dist-packages/tutorial_inferfaces/msg/_detection.py
[3.086s] -- Installing: /home/zqz/ros2_ws/tutorial_inferfaces/install/tutorial_inferfaces/local/lib/python3.10/dist-packages/tutorial_inferfaces/msg/__init__.py
[3.086s] -- Installing: /home/zqz/ros2_ws/tutorial_inferfaces/install/tutorial_inferfaces/local/lib/python3.10/dist-packages/tutorial_inferfaces/_tutorial_inferfaces_s.ep.rosidl_typesupport_introspection_c.c
[3.086s] -- Installing: /home/zqz/ros2_ws/tutorial_inferfaces/install/tutorial_inferfaces/local/lib/python3.10/dist-packages/tutorial_inferfaces/_tutorial_inferfaces_s.ep.rosidl_typesupport_c.c
[3.086s] -- Installing: /home/zqz/ros2_ws/tutorial_inferfaces/install/tutorial_inferfaces/local/lib/python3.10/dist-packages/tutorial_inferfaces/__init__.py
[3.086s] -- Installing: /home/zqz/ros2_ws/tutorial_inferfaces/install/tutorial_inferfaces/local/lib/python3.10/dist-packages/tutorial_inferfaces/tutorial_inferfaces_s__rosidl_typesupport_c.cpython-310-x86_64-linux-gnu.so
[3.111s] Listing '/home/zqz/ros2_ws/tutorial_inferfaces/install/tutorial_inferfaces/local/lib/python3.10/dist-packages/tutorial_inferfaces'...
[3.111s] Compiling '/home/zqz/ros2_ws/tutorial_inferfaces/install/tutorial_inferfaces/local/lib/python3.10/dist-packages/tutorial_inferfaces/__init__.py'...
[3.111s] Listing '/home/zqz/ros2_ws/tutorial_inferfaces/install/tutorial_inferfaces/local/lib/python3.10/dist-packages/tutorial_inferfaces/msg'...
[3.112s] Compiling '/home/zqz/ros2_ws/tutorial_inferfaces/install/tutorial_inferfaces/local/lib/python3.10/dist-packages/tutorial_inferfaces/msg/__init__.py'...
[3.112s] Compiling '/home/zqz/ros2_ws/tutorial_inferfaces/install/tutorial_inferfaces/local/lib/python3.10/dist-packages/tutorial_inferfaces/msg/_detection.py'...
[3.115s] -- Installing: /home/zqz/ros2_ws/tutorial_inferfaces/install/tutorial_inferfaces/local/lib/python3.10/dist-packages/tutorial_inferfaces/tutorial_inferfaces_s__rosidl_typesupport_fastrtps_c.cpython-310-x86_64-linux-gnu.so
[3.115s] -- Set runtime path of "/home/zqz/ros2_ws/tutorial_inferfaces/install/tutorial_inferfaces/local/lib/python3.10/dist-packages/tutorial_inferfaces/tutorial_inferfaces_s__rosidl_typesupport_fastrtps_c.cpython-310-x86_64-linux-gnu.so" to ""
[3.115s] -- Installing: /home/zqz/ros2_ws/tutorial_inferfaces/install/tutorial_inferfaces/local/lib/python3.10/dist-packages/tutorial_inferfaces/tutorial_inferfaces_s__rosidl_typesupport_introspection_c.cpython-310-x86_64-linux-gnu.so
[3.116s] -- Set runtime path of "/home/zqz/ros2_ws/tutorial_inferfaces/install/tutorial_inferfaces/local/lib/python3.10/dist-packages/tutorial_inferfaces/tutorial_inferfaces_s__rosidl_typesupport_introspection_c.cpython-310-x86_64-linux-gnu.so" to ""
[3.116s] -- Installing: /home/zqz/ros2_ws/tutorial_inferfaces/install/tutorial_inferfaces/local/lib/python3.10/dist-packages/tutorial_inferfaces/tutorial_inferfaces_s__rosidl_typesupport_c.cpython-310-x86_64-linux-gnu.so
[3.116s] -- Set runtime path of "/home/zqz/ros2_ws/tutorial_inferfaces/install/tutorial_inferfaces/local/lib/python3.10/dist-packages/tutorial_inferfaces/tutorial_inferfaces_s__rosidl_typesupport_c.cpython-310-x86_64-linux-gnu.so" to ""
[3.116s] -- Installing: /home/zqz/ros2_ws/tutorial_inferfaces/install/tutorial_inferfaces/lib/libtutorial_inferfaces__rosidl_generator_py.so
[3.116s] -- Set runtime path of "/home/zqz/ros2_ws/tutorial_inferfaces/install/tutorial_inferfaces/lib/libtutorial_inferfaces__rosidl_generator_py.so" to ""
[3.116s] -- Installing: /home/zqz/ros2_ws/tutorial_inferfaces/install/tutorial_inferfaces/share/tutorial_inferfaces/msg/Detection.idl
[3.117s] -- Installing: /home/zqz/ros2_ws/tutorial_inferfaces/install/tutorial_inferfaces/share/tutorial_inferfaces/msg/Detection.msg
[3.117s] -- Installing: /home/zqz/ros2_ws/tutorial_inferfaces/install/tutorial_inferfaces/share/ament_index/resource_index/package_run_dependencies/tutorial_inferfaces
[3.117s] -- Installing: /home/zqz/ros2_ws/tutorial_inferfaces/install/tutorial_inferfaces/share/ament_index/resource_index/parent_prefix_path/tutorial_inferfaces
[3.117s] -- Installing: /home/zqz/ros2_ws/tutorial_inferfaces/install/tutorial_inferfaces/share/tutorial_inferfaces/environment/ament_prefix_path.sh
[3.117s] -- Installing: /home/zqz/ros2_ws/tutorial_inferfaces/install/tutorial_inferfaces/share/tutorial_inferfaces/environment/ament_prefix_path.dsv
[3.117s] -- Installing: /home/zqz/ros2_ws/tutorial_inferfaces/install/tutorial_inferfaces/share/tutorial_inferfaces/environment/path.sh
[3.117s] -- Installing: /home/zqz/ros2_ws/tutorial_inferfaces/install/tutorial_inferfaces/share/tutorial_inferfaces/environment/path.dsv
[3.118s] -- Installing: /home/zqz/ros2_ws/tutorial_inferfaces/install/tutorial_inferfaces/share/tutorial_inferfaces/local_setup.bash
[3.118s] -- Installing: /home/zqz/ros2_ws/tutorial_inferfaces/install/tutorial_inferfaces/share/tutorial_inferfaces/local_setup.sh
[3.118s] -- Installing: /home/zqz/ros2_ws/tutorial_inferfaces/install/tutorial_inferfaces/share/tutorial_inferfaces/local_setup.zsh
[3.118s] -- Installing: /home/zqz/ros2_ws/tutorial_inferfaces/install/tutorial_inferfaces/share/tutorial_inferfaces/local_setup.dsv
[3.118s] -- Installing: /home/zqz/ros2_ws/tutorial_inferfaces/install/tutorial_inferfaces/share/tutorial_inferfaces/package.dsv
[3.118s] -- Installing: /home/zqz/ros2_ws/tutorial_inferfaces/install/tutorial_inferfaces/share/ament_index/resource_index/packages/tutorial_inferfaces
[3.118s] -- Installing: /home/zqz/ros2_ws/tutorial_inferfaces/install/tutorial_inferfaces/share/tutorial_inferfaces/cmake/export_tutorial_inferfaces__rosidl_generator_cExport.cmake
[3.118s] -- Installing: /home/zqz/ros2_ws/tutorial_inferfaces/install/tutorial_inferfaces/share/tutorial_inferfaces/cmake/export_tutorial_inferfaces__rosidl_generator_cExport-noconfig.cmake
[3.119s] -- Installing: /home/zqz/ros2_ws/tutorial_inferfaces/install/tutorial_inferfaces/share/tutorial_inferfaces/cmake/export_tutorial_inferfaces__rosidl_typesupport_fastrtps_cExport.cmake
[3.119s] -- Installing: /home/zqz/ros2_ws/tutorial_inferfaces/install/tutorial_inferfaces/share/tutorial_inferfaces/cmake/export_tutorial_inferfaces__rosidl_typesupport_fastrtps_cExport-noconfig.cmake
[3.119s] -- Installing: /home/zqz/ros2_ws/tutorial_inferfaces/install/tutorial_inferfaces/share/tutorial_inferfaces/cmake/export_tutorial_inferfaces__rosidl_generator_cppExport.cmake
[3.119s] -- Installing: /home/zqz/ros2_ws/tutorial_inferfaces/install/tutorial_inferfaces/share/tutorial_inferfaces/cmake/export_tutorial_inferfaces__rosidl_typesupport_fastrtps_cppExport.cmake
[3.119s] -- Installing: /home/zqz/ros2_ws/tutorial_inferfaces/install/tutorial_inferfaces/share/tutorial_inferfaces/cmake/export_tutorial_inferfaces__rosidl_typesupport_fastrtps_cppExport-noconfig.cmake
[3.119s] -- Installing: /home/zqz/ros2_ws/tutorial_inferfaces/install/tutorial_inferfaces/share/tutorial_inferfaces/cmake/tutorial_inferfaces__rosidl_typesupport_introspection_cExport.cmake
[3.119s] -- Installing: /home/zqz/ros2_ws/tutorial_inferfaces/install/tutorial_inferfaces/share/tutorial_inferfaces/cmake/tutorial_inferfaces__rosidl_typesupport_introspection_cExport-noconfig.cmake
[3.119s] -- Installing: /home/zqz/ros2_ws/tutorial_inferfaces/install/tutorial_inferfaces/share/tutorial_inferfaces/cmake/tutorial_inferfaces__rosidl_typesupport_cExport.cmake
[3.120s] -- Installing: /home/zqz/ros2_ws/tutorial_inferfaces/install/tutorial_inferfaces/share/tutorial_inferfaces/cmake/tutorial_inferfaces__rosidl_typesupport_cExport-noconfig.cmake
[3.120s] -- Installing: /home/zqz/ros2_ws/tutorial_inferfaces/install/tutorial_inferfaces/share/tutorial_inferfaces/cmake/tutorial_inferfaces__rosidl_typesupport_introspection_cppExport.cmake
[3.120s] -- Installing: /home/zqz/ros2_ws/tutorial_inferfaces/install/tutorial_inferfaces/share/tutorial_inferfaces/cmake/tutorial_inferfaces__rosidl_typesupport_introspection_cppExport-noconfig.cmake
[3.120s] -- Installing: /home/zqz/ros2_ws/tutorial_inferfaces/install/tutorial_inferfaces/share/tutorial_inferfaces/cmake/tutorial_inferfaces__rosidl_typesupport_cppExport.cmake
[3.120s] -- Installing: /home/zqz/ros2_ws/tutorial_inferfaces/install/tutorial_inferfaces/share/tutorial_inferfaces/cmake/tutorial_inferfaces__rosidl_typesupport_cppExport-noconfig.cmake
[3.120s] -- Installing: /home/zqz/ros2_ws/tutorial_inferfaces/install/tutorial_inferfaces/share/tutorial_inferfaces/cmake/export_tutorial_inferfaces__rosidl_generator_pyExport.cmake
[3.120s] -- Installing: /home/zqz/ros2_ws/tutorial_inferfaces/install/tutorial_inferfaces/share/tutorial_inferfaces/cmake/export_tutorial_inferfaces__rosidl_generator_pyExport-noconfig.cmake
[3.120s] -- Installing: /home/zqz/ros2_ws/tutorial_inferfaces/install/tutorial_inferfaces/share/tutorial_inferfaces/cmake/rosidl_cmake-extras.cmake
[3.121s] -- Installing: /home/zqz/ros2_ws/tutorial_inferfaces/install/tutorial_inferfaces/share/tutorial_inferfaces/cmake/ament_cmake_export_dependencies-extras.cmake
[3.121s] -- Installing: /home/zqz/ros2_ws/tutorial_inferfaces/install/tutorial_inferfaces/share/tutorial_inferfaces/cmake/ament_cmake_export_include_directories-extras.cmake
[3.121s] -- Installing: /home/zqz/ros2_ws/tutorial_inferfaces/install/tutorial_inferfaces/share/tutorial_inferfaces/cmake/ament_cmake_export_libraries-extras.cmake
[3.121s] -- Installing: /home/zqz/ros2_ws/tutorial_inferfaces/install/tutorial_inferfaces/share/tutorial_inferfaces/cmake/ament_cmake_export_targets-extras.cmake
[3.121s] -- Installing: /home/zqz/ros2_ws/tutorial_inferfaces/install/tutorial_inferfaces/share/tutorial_inferfaces/cmake/rosidl_cmake_export_typesupport_targets-extras.cmake
[3.121s] -- Installing: /home/zqz/ros2_ws/tutorial_inferfaces/install/tutorial_inferfaces/share/tutorial_inferfaces/cmake/rosidl_cmake_export_typesupport_libraries-extras.cmake
[3.121s] -- Installing: /home/zqz/ros2_ws/tutorial_inferfaces/install/tutorial_inferfaces/share/tutorial_inferfaces/cmake/tutorial_inferfacesConfig.cmake
[3.121s] -- Installing: /home/zqz/ros2_ws/tutorial_inferfaces/install/tutorial_inferfaces/share/tutorial_inferfaces/cmake/tutorial_inferfacesConfig-version.cmake
[3.122s] -- Installing: /home/zqz/ros2_ws/tutorial_inferfaces/install/tutorial_inferfaces/share/tutorial_inferfaces/package.xml
[3.124s] Invoked command in '/home/zqz/ros2_ws/tutorial_inferfaces/build/tutorial_inferfaces' returned '0': CMAKE_PREFIX_PATH=/opt/ros/humble DEBUGINFOD_URLS=https://debuginfod.ubuntu.com /usr/bin/cmake --install /home/zqz/ros2_ws/tutorial_inferfaces/build/tutorial_inferfaces
