[0.008s] Invoking command in '/home/zqz/ros2_ws/location/build/location_project': CMAKE_PREFIX_PATH=/opt/ros/humble DEBUGINFOD_URLS=https://debuginfod.ubuntu.com /usr/bin/cmake /home/zqz/ros2_ws/location -DCMAKE_INSTALL_PREFIX=/home/zqz/ros2_ws/location/install/location_project
[0.040s] -- Found ament_cmake: 1.3.11 (/opt/ros/humble/share/ament_cmake/cmake)
[0.130s] -- Found rclcpp: 16.0.12 (/opt/ros/humble/share/rclcpp/cmake)
[0.145s] -- Found rosidl_generator_c: 3.1.6 (/opt/ros/humble/share/rosidl_generator_c/cmake)
[0.146s] -- Found rosidl_adapter: 3.1.6 (/opt/ros/humble/share/rosidl_adapter/cmake)
[0.150s] -- Found rosidl_generator_cpp: 3.1.6 (/opt/ros/humble/share/rosidl_generator_cpp/cmake)
[0.157s] -- Using all available rosidl_typesupport_c: rosidl_typesupport_fastrtps_c;rosidl_typesupport_introspection_c
[0.165s] -- Using all available rosidl_typesupport_cpp: rosidl_typesupport_fastrtps_cpp;rosidl_typesupport_introspection_cpp
[0.186s] -- Found rmw_implementation_cmake: 6.1.2 (/opt/ros/humble/share/rmw_implementation_cmake/cmake)
[0.187s] -- Found rmw_fastrtps_cpp: 6.2.7 (/opt/ros/humble/share/rmw_fastrtps_cpp/cmake)
[0.268s] -- Using RMW implementation 'rmw_fastrtps_cpp' as default
[0.301s] -- Found geometry_msgs: 4.9.0 (/opt/ros/humble/share/geometry_msgs/cmake)
[0.309s] -- Found sensor_msgs: 4.9.0 (/opt/ros/humble/share/sensor_msgs/cmake)
[0.320s] -- Found tutorial_interfaces: 0.0.0 (/home/zqz/ros2_ws/install/tutorial_interfaces/share/tutorial_interfaces/cmake)
[0.330s] [31mCMake Error at /opt/ros/humble/share/ament_cmake_target_dependencies/cmake/ament_target_dependencies.cmake:145 (target_link_libraries):
[0.330s]   The keyword signature for target_link_libraries has already been used with
[0.331s]   the target "location_node".  All uses of target_link_libraries with a
[0.331s]   target must be either all-keyword or all-plain.
[0.331s] 
[0.331s]   The uses of the keyword signature are here:
[0.331s] 
[0.331s]    * CMakeLists.txt:35 (target_link_libraries)
[0.331s] 
[0.331s] Call Stack (most recent call first):
[0.331s]   CMakeLists.txt:42 (ament_target_dependencies)
[0.331s] 
[0.331s] [0m
[0.376s] -- Configuring incomplete, errors occurred!
[0.376s] See also "/home/zqz/ros2_ws/location/build/location_project/CMakeFiles/CMakeOutput.log".
[0.383s] Invoked command in '/home/zqz/ros2_ws/location/build/location_project' returned '1': CMAKE_PREFIX_PATH=/opt/ros/humble DEBUGINFOD_URLS=https://debuginfod.ubuntu.com /usr/bin/cmake /home/zqz/ros2_ws/location -DCMAKE_INSTALL_PREFIX=/home/zqz/ros2_ws/location/install/location_project
