[0.009s] Invoking command in '/home/zqz/ros2_ws/yolov8decbytetrack/build/yolov8decbytetrack': CMAKE_PREFIX_PATH=${CMAKE_PREFIX_PATH}:/opt/ros/humble DEBUGINFOD_URLS=https://debuginfod.ubuntu.com /usr/bin/cmake /home/zqz/ros2_ws/yolov8decbytetrack -DAMENT_CMAKE_SYMLINK_INSTALL=1 -DCMAKE_INSTALL_PREFIX=/home/zqz/ros2_ws/yolov8decbytetrack/install/yolov8decbytetrack
[0.058s] -- The C compiler identification is GNU 11.4.0
[0.106s] -- The CXX compiler identification is GNU 11.4.0
[0.112s] -- Detecting C compiler ABI info
[0.184s] -- Detecting C compiler ABI info - done
[0.189s] -- Check for working C compiler: /usr/bin/cc - skipped
[0.189s] -- Detecting C compile features
[0.189s] -- Detecting C compile features - done
[0.191s] -- Detecting CXX compiler ABI info
[0.267s] -- Detecting CXX compiler ABI info - done
[0.272s] -- Check for working CXX compiler: /usr/bin/c++ - skipped
[0.272s] -- Detecting CXX compile features
[0.273s] -- Detecting CXX compile features - done
[0.289s] -- Found CUDAToolkit: /usr/local/cuda-12.9/include (found version "12.9.86") 
[0.300s] -- Looking for pthread.h
[0.368s] -- Looking for pthread.h - found
[0.368s] -- Performing Test CMAKE_HAVE_LIBC_PTHREAD
[0.440s] -- Performing Test CMAKE_HAVE_LIBC_PTHREAD - Success
[0.441s] -- Found Threads: TRUE  
[0.481s] -- Found CUDA: /usr/local/cuda-12.9 (found suitable version "12.9", minimum required is "12.9") 
[0.483s] -- Found ament_cmake: 1.3.11 (/opt/ros/humble/share/ament_cmake/cmake)
[0.606s] -- Found Python3: /usr/bin/python3 (found version "3.10.12") found components: Interpreter 
[0.651s] -- Override CMake install command with custom implementation using symlinks instead of copying resources
[0.675s] -- Found rclcpp: 16.0.12 (/opt/ros/humble/share/rclcpp/cmake)
[0.703s] -- Found rosidl_generator_c: 3.1.6 (/opt/ros/humble/share/rosidl_generator_c/cmake)
[0.707s] -- Found rosidl_adapter: 3.1.6 (/opt/ros/humble/share/rosidl_adapter/cmake)
[0.714s] -- Found rosidl_generator_cpp: 3.1.6 (/opt/ros/humble/share/rosidl_generator_cpp/cmake)
[0.724s] -- Using all available rosidl_typesupport_c: rosidl_typesupport_fastrtps_c;rosidl_typesupport_introspection_c
[0.736s] -- Using all available rosidl_typesupport_cpp: rosidl_typesupport_fastrtps_cpp;rosidl_typesupport_introspection_cpp
[0.768s] -- Found rmw_implementation_cmake: 6.1.2 (/opt/ros/humble/share/rmw_implementation_cmake/cmake)
[0.770s] -- Found rmw_fastrtps_cpp: 6.2.7 (/opt/ros/humble/share/rmw_fastrtps_cpp/cmake)
[0.856s] -- Found OpenSSL: /usr/lib/x86_64-linux-gnu/libcrypto.so (found version "3.0.2")  
[0.876s] -- Found FastRTPS: /opt/ros/humble/include  
[0.912s] -- Using RMW implementation 'rmw_fastrtps_cpp' as default
[0.954s] -- Found geometry_msgs: 4.9.0 (/opt/ros/humble/share/geometry_msgs/cmake)
[0.963s] -- Found sensor_msgs: 4.9.0 (/opt/ros/humble/share/sensor_msgs/cmake)
[0.975s] -- Found rosidl_default_generators: 1.2.0 (/opt/ros/humble/share/rosidl_default_generators/cmake)
[0.981s] -- Found tutorial_interfaces: 0.0.0 (/home/zqz/ros2_ws/install/tutorial_interfaces/share/tutorial_interfaces/cmake)
[0.987s] [31mCMake Error at /home/zqz/ros2_ws/install/tutorial_interfaces/share/tutorial_interfaces/cmake/ament_cmake_export_libraries-extras.cmake:48 (message):
[0.987s]   Package 'tutorial_interfaces' exports the library 'tutorial_interfaces'
[0.988s]   which couldn't be found
[0.988s] Call Stack (most recent call first):
[0.988s]   /home/zqz/ros2_ws/install/tutorial_interfaces/share/tutorial_interfaces/cmake/tutorial_interfacesConfig.cmake:41 (include)
[0.988s]   CMakeLists.txt:48 (find_package)
[0.988s] 
[0.988s] [0m
[0.988s] -- Configuring incomplete, errors occurred!
[0.988s] See also "/home/zqz/ros2_ws/yolov8decbytetrack/build/yolov8decbytetrack/CMakeFiles/CMakeOutput.log".
[0.996s] Invoked command in '/home/zqz/ros2_ws/yolov8decbytetrack/build/yolov8decbytetrack' returned '1': CMAKE_PREFIX_PATH=${CMAKE_PREFIX_PATH}:/opt/ros/humble DEBUGINFOD_URLS=https://debuginfod.ubuntu.com /usr/bin/cmake /home/zqz/ros2_ws/yolov8decbytetrack -DAMENT_CMAKE_SYMLINK_INSTALL=1 -DCMAKE_INSTALL_PREFIX=/home/zqz/ros2_ws/yolov8decbytetrack/install/yolov8decbytetrack
