[0.073s] DEBUG:colcon:Command line arguments: ['/usr/bin/colcon', 'build']
[0.073s] DEBUG:colcon:Parsed command line arguments: Namespace(log_base=None, log_level=None, verb_name='build', build_base='build', install_base='install', merge_install=False, symlink_install=False, test_result_base=None, continue_on_error=False, executor='parallel', parallel_workers=16, event_handlers=None, ignore_user_meta=False, metas=['./colcon.meta'], base_paths=['.'], packages_ignore=None, packages_ignore_regex=None, paths=None, packages_up_to=None, packages_up_to_regex=None, packages_above=None, packages_above_and_dependencies=None, packages_above_depth=None, packages_select_by_dep=None, packages_skip_by_dep=None, packages_skip_up_to=None, packages_select_build_failed=False, packages_skip_build_finished=False, packages_select_test_failures=False, packages_skip_test_passed=False, packages_select=None, packages_skip=None, packages_select_regex=None, packages_skip_regex=None, packages_start=None, packages_end=None, allow_overriding=[], cmake_args=None, cmake_target=None, cmake_target_skip_unavailable=False, cmake_clean_cache=False, cmake_clean_first=False, cmake_force_configure=False, ament_cmake_args=None, catkin_cmake_args=None, catkin_skip_building_tests=False, verb_parser=<colcon_defaults.argument_parser.defaults.DefaultArgumentsDecorator object at 0x7cb1a8304580>, verb_extension=<colcon_core.verb.build.BuildVerb object at 0x7cb1a84699c0>, main=<bound method BuildVerb.main of <colcon_core.verb.build.BuildVerb object at 0x7cb1a84699c0>>)
[0.186s] Level 1:colcon.colcon_core.package_discovery:discover_packages(colcon_meta) check parameters
[0.186s] Level 1:colcon.colcon_core.package_discovery:discover_packages(recursive) check parameters
[0.186s] Level 1:colcon.colcon_core.package_discovery:discover_packages(ignore) check parameters
[0.186s] Level 1:colcon.colcon_core.package_discovery:discover_packages(path) check parameters
[0.186s] Level 1:colcon.colcon_core.package_discovery:discover_packages(colcon_meta) discover
[0.186s] Level 1:colcon.colcon_core.package_discovery:discover_packages(recursive) discover
[0.186s] INFO:colcon.colcon_core.package_discovery:Crawling recursively for packages in '/home/zqz/ros2_ws/yolov8decbytetrack'
[0.186s] Level 1:colcon.colcon_core.package_identification:_identify(.) by extensions ['ignore', 'ignore_ament_install']
[0.186s] Level 1:colcon.colcon_core.package_identification:_identify(.) by extension 'ignore'
[0.186s] Level 1:colcon.colcon_core.package_identification:_identify(.) by extension 'ignore_ament_install'
[0.186s] Level 1:colcon.colcon_core.package_identification:_identify(.) by extensions ['colcon_pkg']
[0.186s] Level 1:colcon.colcon_core.package_identification:_identify(.) by extension 'colcon_pkg'
[0.186s] Level 1:colcon.colcon_core.package_identification:_identify(.) by extensions ['colcon_meta']
[0.186s] Level 1:colcon.colcon_core.package_identification:_identify(.) by extension 'colcon_meta'
[0.186s] Level 1:colcon.colcon_core.package_identification:_identify(.) by extensions ['ros']
[0.186s] Level 1:colcon.colcon_core.package_identification:_identify(.) by extension 'ros'
[0.195s] DEBUG:colcon.colcon_core.package_identification:Package '.' with type 'ros.ament_cmake' and name 'yolov8decbytetrack'
[0.195s] Level 1:colcon.colcon_core.package_discovery:discover_packages(recursive) using defaults
[0.195s] Level 1:colcon.colcon_core.package_discovery:discover_packages(ignore) discover
[0.195s] Level 1:colcon.colcon_core.package_discovery:discover_packages(ignore) using defaults
[0.195s] Level 1:colcon.colcon_core.package_discovery:discover_packages(path) discover
[0.195s] Level 1:colcon.colcon_core.package_discovery:discover_packages(path) using defaults
[0.208s] Level 1:colcon.colcon_core.package_discovery:discover_packages(prefix_path) check parameters
[0.208s] Level 1:colcon.colcon_core.package_discovery:discover_packages(prefix_path) discover
[0.209s] DEBUG:colcon.colcon_installed_package_information.package_discovery:Found 3 installed packages in /home/zqz/ros2_ws/install
[0.210s] DEBUG:colcon.colcon_installed_package_information.package_discovery:Found 271 installed packages in /opt/ros/humble
[0.212s] Level 1:colcon.colcon_core.package_discovery:discover_packages(prefix_path) using defaults
[0.244s] Level 5:colcon.colcon_core.verb:set package 'yolov8decbytetrack' build argument 'cmake_args' from command line to 'None'
[0.244s] Level 5:colcon.colcon_core.verb:set package 'yolov8decbytetrack' build argument 'cmake_target' from command line to 'None'
[0.244s] Level 5:colcon.colcon_core.verb:set package 'yolov8decbytetrack' build argument 'cmake_target_skip_unavailable' from command line to 'False'
[0.244s] Level 5:colcon.colcon_core.verb:set package 'yolov8decbytetrack' build argument 'cmake_clean_cache' from command line to 'False'
[0.244s] Level 5:colcon.colcon_core.verb:set package 'yolov8decbytetrack' build argument 'cmake_clean_first' from command line to 'False'
[0.244s] Level 5:colcon.colcon_core.verb:set package 'yolov8decbytetrack' build argument 'cmake_force_configure' from command line to 'False'
[0.244s] Level 5:colcon.colcon_core.verb:set package 'yolov8decbytetrack' build argument 'ament_cmake_args' from command line to 'None'
[0.244s] Level 5:colcon.colcon_core.verb:set package 'yolov8decbytetrack' build argument 'catkin_cmake_args' from command line to 'None'
[0.244s] Level 5:colcon.colcon_core.verb:set package 'yolov8decbytetrack' build argument 'catkin_skip_building_tests' from command line to 'False'
[0.244s] DEBUG:colcon.colcon_core.verb:Building package 'yolov8decbytetrack' with the following arguments: {'ament_cmake_args': None, 'build_base': '/home/zqz/ros2_ws/yolov8decbytetrack/build/yolov8decbytetrack', 'catkin_cmake_args': None, 'catkin_skip_building_tests': False, 'cmake_args': None, 'cmake_clean_cache': False, 'cmake_clean_first': False, 'cmake_force_configure': False, 'cmake_target': None, 'cmake_target_skip_unavailable': False, 'install_base': '/home/zqz/ros2_ws/yolov8decbytetrack/install/yolov8decbytetrack', 'merge_install': False, 'path': '/home/zqz/ros2_ws/yolov8decbytetrack', 'symlink_install': False, 'test_result_base': None}
[0.244s] INFO:colcon.colcon_core.executor:Executing jobs using 'parallel' executor
[0.245s] DEBUG:colcon.colcon_parallel_executor.executor.parallel:run_until_complete
[0.245s] INFO:colcon.colcon_ros.task.ament_cmake.build:Building ROS package in '/home/zqz/ros2_ws/yolov8decbytetrack' with build type 'ament_cmake'
[0.245s] INFO:colcon.colcon_cmake.task.cmake.build:Building CMake package in '/home/zqz/ros2_ws/yolov8decbytetrack'
[0.247s] INFO:colcon.colcon_core.plugin_system:Skipping extension 'colcon_core.shell.bat': Not used on non-Windows systems
[0.247s] INFO:colcon.colcon_core.shell:Skip shell extension 'powershell' for command environment: Not usable outside of PowerShell
[0.247s] DEBUG:colcon.colcon_core.shell:Skip shell extension 'dsv' for command environment
[0.254s] DEBUG:colcon.colcon_core.event_handler.log_command:Invoking command in '/home/zqz/ros2_ws/yolov8decbytetrack/build/yolov8decbytetrack': CMAKE_PREFIX_PATH=${CMAKE_PREFIX_PATH}:/opt/ros/humble DEBUGINFOD_URLS=https://debuginfod.ubuntu.com /usr/bin/cmake /home/zqz/ros2_ws/yolov8decbytetrack -DCMAKE_INSTALL_PREFIX=/home/zqz/ros2_ws/yolov8decbytetrack/install/yolov8decbytetrack
[0.264s] DEBUG:colcon.colcon_core.event_handler.log_command:Invoked command in '/home/zqz/ros2_ws/yolov8decbytetrack/build/yolov8decbytetrack' returned '1': CMAKE_PREFIX_PATH=${CMAKE_PREFIX_PATH}:/opt/ros/humble DEBUGINFOD_URLS=https://debuginfod.ubuntu.com /usr/bin/cmake /home/zqz/ros2_ws/yolov8decbytetrack -DCMAKE_INSTALL_PREFIX=/home/zqz/ros2_ws/yolov8decbytetrack/install/yolov8decbytetrack
[0.277s] Level 1:colcon.colcon_core.environment:create_environment_scripts_only(yolov8decbytetrack)
[0.278s] Level 1:colcon.colcon_core.environment:checking '/home/zqz/ros2_ws/yolov8decbytetrack/install/yolov8decbytetrack' for CMake module files
[0.279s] Level 1:colcon.colcon_core.environment:checking '/home/zqz/ros2_ws/yolov8decbytetrack/install/yolov8decbytetrack' for CMake config files
[0.279s] Level 1:colcon.colcon_core.environment:checking '/home/zqz/ros2_ws/yolov8decbytetrack/install/yolov8decbytetrack/bin'
[0.279s] Level 1:colcon.colcon_core.environment:checking '/home/zqz/ros2_ws/yolov8decbytetrack/install/yolov8decbytetrack/lib/pkgconfig/yolov8decbytetrack.pc'
[0.279s] Level 1:colcon.colcon_core.environment:checking '/home/zqz/ros2_ws/yolov8decbytetrack/install/yolov8decbytetrack/lib/python3.10/site-packages'
[0.279s] Level 1:colcon.colcon_core.environment:checking '/home/zqz/ros2_ws/yolov8decbytetrack/install/yolov8decbytetrack/bin'
[0.279s] INFO:colcon.colcon_core.shell:Creating package script '/home/zqz/ros2_ws/yolov8decbytetrack/install/yolov8decbytetrack/share/yolov8decbytetrack/package.ps1'
[0.280s] INFO:colcon.colcon_core.shell:Creating package descriptor '/home/zqz/ros2_ws/yolov8decbytetrack/install/yolov8decbytetrack/share/yolov8decbytetrack/package.dsv'
[0.280s] INFO:colcon.colcon_core.shell:Creating package script '/home/zqz/ros2_ws/yolov8decbytetrack/install/yolov8decbytetrack/share/yolov8decbytetrack/package.sh'
[0.281s] INFO:colcon.colcon_core.shell:Creating package script '/home/zqz/ros2_ws/yolov8decbytetrack/install/yolov8decbytetrack/share/yolov8decbytetrack/package.bash'
[0.281s] INFO:colcon.colcon_core.shell:Creating package script '/home/zqz/ros2_ws/yolov8decbytetrack/install/yolov8decbytetrack/share/yolov8decbytetrack/package.zsh'
[0.282s] Level 1:colcon.colcon_core.environment:create_file_with_runtime_dependencies(/home/zqz/ros2_ws/yolov8decbytetrack/install/yolov8decbytetrack/share/colcon-core/packages/yolov8decbytetrack)
[0.292s] DEBUG:colcon.colcon_parallel_executor.executor.parallel:closing loop
[0.292s] DEBUG:colcon.colcon_parallel_executor.executor.parallel:loop closed
[0.292s] DEBUG:colcon.colcon_parallel_executor.executor.parallel:run_until_complete finished with '1'
[0.292s] DEBUG:colcon.colcon_core.event_reactor:joining thread
[0.297s] INFO:colcon.colcon_core.plugin_system:Skipping extension 'colcon_notification.desktop_notification.terminal_notifier': Not used on non-Darwin systems
[0.297s] INFO:colcon.colcon_core.plugin_system:Skipping extension 'colcon_notification.desktop_notification.win32': Not used on non-Windows systems
[0.297s] INFO:colcon.colcon_notification.desktop_notification:Sending desktop notification using 'notify2'
[0.303s] DEBUG:colcon.colcon_core.event_reactor:joined thread
[0.303s] INFO:colcon.colcon_core.shell:Creating prefix script '/home/zqz/ros2_ws/yolov8decbytetrack/install/local_setup.ps1'
[0.304s] INFO:colcon.colcon_core.shell:Creating prefix util module '/home/zqz/ros2_ws/yolov8decbytetrack/install/_local_setup_util_ps1.py'
[0.305s] INFO:colcon.colcon_core.shell:Creating prefix chain script '/home/zqz/ros2_ws/yolov8decbytetrack/install/setup.ps1'
[0.306s] INFO:colcon.colcon_core.shell:Creating prefix script '/home/zqz/ros2_ws/yolov8decbytetrack/install/local_setup.sh'
[0.306s] INFO:colcon.colcon_core.shell:Creating prefix util module '/home/zqz/ros2_ws/yolov8decbytetrack/install/_local_setup_util_sh.py'
[0.307s] INFO:colcon.colcon_core.shell:Creating prefix chain script '/home/zqz/ros2_ws/yolov8decbytetrack/install/setup.sh'
[0.307s] INFO:colcon.colcon_core.shell:Creating prefix script '/home/zqz/ros2_ws/yolov8decbytetrack/install/local_setup.bash'
[0.308s] INFO:colcon.colcon_core.shell:Creating prefix chain script '/home/zqz/ros2_ws/yolov8decbytetrack/install/setup.bash'
[0.308s] INFO:colcon.colcon_core.shell:Creating prefix script '/home/zqz/ros2_ws/yolov8decbytetrack/install/local_setup.zsh'
[0.309s] INFO:colcon.colcon_core.shell:Creating prefix chain script '/home/zqz/ros2_ws/yolov8decbytetrack/install/setup.zsh'
